20:16:49.065 [main] INFO  com.intuit.karate - karate.env system property was:  
20:16:51.633 [main] DEBUG com.intuit.karate - request:
1 > GET https://jsonplaceholder.typicode.com/users
1 > Accept-Encoding: gzip,deflate
1 > Connection: Keep-Alive
1 > Host: jsonplaceholder.typicode.com
1 > User-Agent: Apache-HttpClient/4.5.12 (Java/11.0.9.1)

20:16:54.520 [main] DEBUG com.intuit.karate - response time in milliseconds: 2864.82
1 < 200
1 < Age: 19118
1 < CF-Cache-Status: HIT
1 < CF-RAY: 6151d3c7ba483240-FRA
1 < Connection: keep-alive
1 < Content-Type: application/json; charset=utf-8
1 < Date: Thu, 21 Jan 2021 14:46:53 GMT
1 < Expect-CT: max-age=604800, report-uri="https://report-uri.cloudflare.com/cdn-cgi/beacon/expect-ct"
1 < NEL: {"report_to":"cf-nel","max_age":604800}
1 < Report-To: {"endpoints":[{"url":"https:\/\/a.nel.cloudflare.com\/report?s=AxMWHH%2FhPGujHRKciQM3zpc2p99%2BlSG%2Fi2DTiZD27aVgBhRxVIWkQ8tn%2BmVV4AxZpC9rOBCO8syIjqKTQEERw5WDi5qvTUseN97awuvF2B9QswViqanFPVVdo9RN"}],"group":"cf-nel","max_age":604800}
1 < Server: cloudflare
1 < Set-Cookie: __cfduid=d54e219bde1cc2eb6eed9a530860b288c1611240413; expires=Sat, 20-Feb-21 14:46:53 GMT; path=/; domain=.typicode.com; HttpOnly; SameSite=Lax
1 < Transfer-Encoding: chunked
1 < access-control-allow-credentials: true
1 < cache-control: max-age=43200
1 < cf-request-id: 07c702b0d4000032406228e000000001
1 < etag: W/"160d-1eMSsxeJRfnVLRBmYJSbCiJZ1qQ"
1 < expires: -1
1 < pragma: no-cache
1 < vary: Origin, Accept-Encoding
1 < via: 1.1 vegur
1 < x-content-type-options: nosniff
1 < x-powered-by: Express
1 < x-ratelimit-limit: 1000
1 < x-ratelimit-remaining: 996
1 < x-ratelimit-reset: 1607118329
[
  {
    "id": 1,
    "name": "Leanne Graham",
    "username": "Bret",
    "email": "Sincere@april.biz",
    "address": {
      "street": "Kulas Light",
      "suite": "Apt. 556",
      "city": "Gwenborough",
      "zipcode": "92998-3874",
      "geo": {
        "lat": "-37.3159",
        "lng": "81.1496"
      }
    },
    "phone": "1-770-736-8031 x56442",
    "website": "hildegard.org",
    "company": {
      "name": "Romaguera-Crona",
      "catchPhrase": "Multi-layered client-server neural-net",
      "bs": "harness real-time e-markets"
    }
  },
  {
    "id": 2,
    "name": "Ervin Howell",
    "username": "Antonette",
    "email": "Shanna@melissa.tv",
    "address": {
      "street": "Victor Plains",
      "suite": "Suite 879",
      "city": "Wisokyburgh",
      "zipcode": "90566-7771",
      "geo": {
        "lat": "-43.9509",
        "lng": "-34.4618"
      }
    },
    "phone": "010-692-6593 x09125",
    "website": "anastasia.net",
    "company": {
      "name": "Deckow-Crist",
      "catchPhrase": "Proactive didactic contingency",
      "bs": "synergize scalable supply-chains"
    }
  },
  {
    "id": 3,
    "name": "Clementine Bauch",
    "username": "Samantha",
    "email": "Nathan@yesenia.net",
    "address": {
      "street": "Douglas Extension",
      "suite": "Suite 847",
      "city": "McKenziehaven",
      "zipcode": "59590-4157",
      "geo": {
        "lat": "-68.6102",
        "lng": "-47.0653"
      }
    },
    "phone": "1-463-123-4447",
    "website": "ramiro.info",
    "company": {
      "name": "Romaguera-Jacobson",
      "catchPhrase": "Face to face bifurcated interface",
      "bs": "e-enable strategic applications"
    }
  },
  {
    "id": 4,
    "name": "Patricia Lebsack",
    "username": "Karianne",
    "email": "Julianne.OConner@kory.org",
    "address": {
      "street": "Hoeger Mall",
      "suite": "Apt. 692",
      "city": "South Elvis",
      "zipcode": "53919-4257",
      "geo": {
        "lat": "29.4572",
        "lng": "-164.2990"
      }
    },
    "phone": "493-170-9623 x156",
    "website": "kale.biz",
    "company": {
      "name": "Robel-Corkery",
      "catchPhrase": "Multi-tiered zero tolerance productivity",
      "bs": "transition cutting-edge web services"
    }
  },
  {
    "id": 5,
    "name": "Chelsey Dietrich",
    "username": "Kamren",
    "email": "Lucio_Hettinger@annie.ca",
    "address": {
      "street": "Skiles Walks",
      "suite": "Suite 351",
      "city": "Roscoeview",
      "zipcode": "33263",
      "geo": {
        "lat": "-31.8129",
        "lng": "62.5342"
      }
    },
    "phone": "(254)954-1289",
    "website": "demarco.info",
    "company": {
      "name": "Keebler LLC",
      "catchPhrase": "User-centric fault-tolerant solution",
      "bs": "revolutionize end-to-end systems"
    }
  },
  {
    "id": 6,
    "name": "Mrs. Dennis Schulist",
    "username": "Leopoldo_Corkery",
    "email": "Karley_Dach@jasper.info",
    "address": {
      "street": "Norberto Crossing",
      "suite": "Apt. 950",
      "city": "South Christy",
      "zipcode": "23505-1337",
      "geo": {
        "lat": "-71.4197",
        "lng": "71.7478"
      }
    },
    "phone": "1-477-935-8478 x6430",
    "website": "ola.org",
    "company": {
      "name": "Considine-Lockman",
      "catchPhrase": "Synchronised bottom-line interface",
      "bs": "e-enable innovative applications"
    }
  },
  {
    "id": 7,
    "name": "Kurtis Weissnat",
    "username": "Elwyn.Skiles",
    "email": "Telly.Hoeger@billy.biz",
    "address": {
      "street": "Rex Trail",
      "suite": "Suite 280",
      "city": "Howemouth",
      "zipcode": "58804-1099",
      "geo": {
        "lat": "24.8918",
        "lng": "21.8984"
      }
    },
    "phone": "210.067.6132",
    "website": "elvis.io",
    "company": {
      "name": "Johns Group",
      "catchPhrase": "Configurable multimedia task-force",
      "bs": "generate enterprise e-tailers"
    }
  },
  {
    "id": 8,
    "name": "Nicholas Runolfsdottir V",
    "username": "Maxime_Nienow",
    "email": "Sherwood@rosamond.me",
    "address": {
      "street": "Ellsworth Summit",
      "suite": "Suite 729",
      "city": "Aliyaview",
      "zipcode": "45169",
      "geo": {
        "lat": "-14.3990",
        "lng": "-120.7677"
      }
    },
    "phone": "586.493.6943 x140",
    "website": "jacynthe.com",
    "company": {
      "name": "Abernathy Group",
      "catchPhrase": "Implemented secondary concept",
      "bs": "e-enable extensible e-tailers"
    }
  },
  {
    "id": 9,
    "name": "Glenna Reichert",
    "username": "Delphine",
    "email": "Chaim_McDermott@dana.io",
    "address": {
      "street": "Dayna Park",
      "suite": "Suite 449",
      "city": "Bartholomebury",
      "zipcode": "76495-3109",
      "geo": {
        "lat": "24.6463",
        "lng": "-168.8889"
      }
    },
    "phone": "(775)976-6794 x41206",
    "website": "conrad.com",
    "company": {
      "name": "Yost and Sons",
      "catchPhrase": "Switchable contextually-based project",
      "bs": "aggregate real-time technologies"
    }
  },
  {
    "id": 10,
    "name": "Clementina DuBuque",
    "username": "Moriah.Stanton",
    "email": "Rey.Padberg@karina.biz",
    "address": {
      "street": "Kattie Turnpike",
      "suite": "Suite 198",
      "city": "Lebsackbury",
      "zipcode": "31428-2261",
      "geo": {
        "lat": "-38.2386",
        "lng": "57.2232"
      }
    },
    "phone": "024-648-3804",
    "website": "ambrose.net",
    "company": {
      "name": "Hoeger LLC",
      "catchPhrase": "Centralized empowering task-force",
      "bs": "target end-to-end models"
    }
  }
]

20:16:54.838 [main] DEBUG com.intuit.karate - request:
2 > GET https://jsonplaceholder.typicode.com/users/1
2 > Accept-Encoding: gzip,deflate
2 > Connection: Keep-Alive
2 > Cookie: __cfduid=d54e219bde1cc2eb6eed9a530860b288c1611240413
2 > Host: jsonplaceholder.typicode.com
2 > User-Agent: Apache-HttpClient/4.5.12 (Java/11.0.9.1)

20:16:56.069 [main] DEBUG com.intuit.karate - response time in milliseconds: 1215.40
2 < 200
2 < Access-Control-Allow-Credentials: true
2 < Age: 22014
2 < CF-Cache-Status: HIT
2 < CF-RAY: 6151d3d1fe2a2c3e-FRA
2 < Cache-Control: max-age=43200
2 < Connection: keep-alive
2 < Content-Type: application/json; charset=utf-8
2 < Date: Thu, 21 Jan 2021 14:46:55 GMT
2 < Etag: W/"1fd-+2Y3G3w049iSZtw5t1mzSnunngE"
2 < Expect-CT: max-age=604800, report-uri="https://report-uri.cloudflare.com/cdn-cgi/beacon/expect-ct"
2 < Expires: -1
2 < NEL: {"report_to":"cf-nel","max_age":604800}
2 < Pragma: no-cache
2 < Report-To: {"max_age":604800,"endpoints":[{"url":"https:\/\/a.nel.cloudflare.com\/report?s=SR6GFZLHDPof38CX6wtMC5f1EHG65XVJYVBL9uHKjfJGLuuKY9EJwHMx8jWMQTMDt7at1pcJ3t44wq5xem4aoJfB6kofm4uibChJNVavz3GWikf3ZPYYdG6Ls4FL"}],"group":"cf-nel"}
2 < Server: cloudflare
2 < Transfer-Encoding: chunked
2 < Vary: Origin, Accept-Encoding
2 < Via: 1.1 vegur
2 < X-Content-Type-Options: nosniff
2 < X-Powered-By: Express
2 < X-Ratelimit-Limit: 1000
2 < X-Ratelimit-Remaining: 998
2 < X-Ratelimit-Reset: 1610927310
2 < cf-request-id: 07c702b73700002c3e9ea4e000000001
{
  "id": 1,
  "name": "Leanne Graham",
  "username": "Bret",
  "email": "Sincere@april.biz",
  "address": {
    "street": "Kulas Light",
    "suite": "Apt. 556",
    "city": "Gwenborough",
    "zipcode": "92998-3874",
    "geo": {
      "lat": "-37.3159",
      "lng": "81.1496"
    }
  },
  "phone": "1-770-736-8031 x56442",
  "website": "hildegard.org",
  "company": {
    "name": "Romaguera-Crona",
    "catchPhrase": "Multi-layered client-server neural-net",
    "bs": "harness real-time e-markets"
  }
}

20:16:56.194 [main] INFO  com.intuit.karate - karate.env system property was:  
20:16:56.288 [main] DEBUG com.intuit.karate - request:
1 > POST https://jsonplaceholder.typicode.com/users
1 > Accept-Encoding: gzip,deflate
1 > Connection: Keep-Alive
1 > Content-Length: 160
1 > Content-Type: application/json; charset=UTF-8
1 > Host: jsonplaceholder.typicode.com
1 > User-Agent: Apache-HttpClient/4.5.12 (Java/11.0.9.1)
{"name":"Test User","username":"testuser","email":"test@user.com","address":{"street":"Has No Name","suite":"Apt. 123","city":"Electri","zipcode":"54321-6789"}}

20:16:57.488 [main] DEBUG com.intuit.karate - response time in milliseconds: 1186.99
1 < 201
1 < Access-Control-Allow-Credentials: true
1 < Access-Control-Expose-Headers: Location
1 < CF-Cache-Status: DYNAMIC
1 < CF-RAY: 6151d3da68dedfa5-FRA
1 < Cache-Control: no-cache
1 < Connection: keep-alive
1 < Content-Length: 216
1 < Content-Type: application/json; charset=utf-8
1 < Date: Thu, 21 Jan 2021 14:46:56 GMT
1 < Etag: W/"d8-pYV7+YuMGP2hxHPU9ARrf97ifDA"
1 < Expect-CT: max-age=604800, report-uri="https://report-uri.cloudflare.com/cdn-cgi/beacon/expect-ct"
1 < Expires: -1
1 < Location: http://jsonplaceholder.typicode.com/users/11
1 < NEL: {"report_to":"cf-nel","max_age":604800}
1 < Pragma: no-cache
1 < Report-To: {"group":"cf-nel","endpoints":[{"url":"https:\/\/a.nel.cloudflare.com\/report?s=2sqq0r8XW6vdhgCyDl1Aw14wJyKwZjq4%2B5I1yP%2BVE9I5Ut%2FkfJNc%2FIuz8G7r%2FefpXQv1naldJGECYCxjx%2FtcwacpFs54F8KkuXed5TS7JZqOZAcjvUD9ojk9Q8G9"}],"max_age":604800}
1 < Server: cloudflare
1 < Set-Cookie: __cfduid=d220f49f6119563809919ddf3dc8149521611240416; expires=Sat, 20-Feb-21 14:46:56 GMT; path=/; domain=.typicode.com; HttpOnly; SameSite=Lax
1 < Vary: Origin, X-HTTP-Method-Override, Accept-Encoding
1 < Via: 1.1 vegur
1 < X-Content-Type-Options: nosniff
1 < X-Powered-By: Express
1 < X-Ratelimit-Limit: 1000
1 < X-Ratelimit-Remaining: 999
1 < X-Ratelimit-Reset: 1611240447
1 < cf-request-id: 07c702bc800000dfa5312f8000000001
{
  "name": "Test User",
  "username": "testuser",
  "email": "test@user.com",
  "address": {
    "street": "Has No Name",
    "suite": "Apt. 123",
    "city": "Electri",
    "zipcode": "54321-6789"
  },
  "id": 11
}

20:16:57.550 [main] INFO  com.intuit.karate - [print] created id is:  11
22:00:43.660 [main] INFO  com.intuit.karate - karate.env system property was:  
22:00:49.631 [main] DEBUG com.intuit.karate - request:
1 > GET https://jsonplaceholder.typicode.com/users
1 > Accept-Encoding: gzip,deflate
1 > Connection: Keep-Alive
1 > Host: jsonplaceholder.typicode.com
1 > User-Agent: Apache-HttpClient/4.5.12 (Java/11.0.9.1)

22:00:56.463 [main] DEBUG com.intuit.karate - response time in milliseconds: 6770.70
1 < 200
1 < Access-Control-Allow-Credentials: true
1 < Age: 598
1 < CF-Cache-Status: HIT
1 < CF-RAY: 61526c2a7ebb4065-LHR
1 < Cache-Control: max-age=43200
1 < Connection: keep-alive
1 < Content-Type: application/json; charset=utf-8
1 < Date: Thu, 21 Jan 2021 16:30:55 GMT
1 < Etag: W/"160d-1eMSsxeJRfnVLRBmYJSbCiJZ1qQ"
1 < Expect-CT: max-age=604800, report-uri="https://report-uri.cloudflare.com/cdn-cgi/beacon/expect-ct"
1 < Expires: -1
1 < NEL: {"report_to":"cf-nel","max_age":604800}
1 < Pragma: no-cache
1 < Report-To: {"group":"cf-nel","endpoints":[{"url":"https:\/\/a.nel.cloudflare.com\/report?s=jx6MXP3paBeYUzMgon55PYNKgMXK0VsbXk4DOmts%2FmFXelnSAjtNWlMMytCBUms30k8wHOUwLB63eiwECR%2BtcZFnbIh%2FNu6zKFAQMaOC2sUT3I%2FDi76B1PScsS7w"}],"max_age":604800}
1 < Server: cloudflare
1 < Set-Cookie: __cfduid=d5b54441835d78929334d420fdac73c451611246655; expires=Sat, 20-Feb-21 16:30:55 GMT; path=/; domain=.typicode.com; HttpOnly; SameSite=Lax
1 < Transfer-Encoding: chunked
1 < Vary: Origin, Accept-Encoding
1 < Via: 1.1 vegur
1 < X-Content-Type-Options: nosniff
1 < X-Powered-By: Express
1 < X-Ratelimit-Limit: 1000
1 < X-Ratelimit-Remaining: 999
1 < X-Ratelimit-Reset: 1607681300
1 < cf-request-id: 07c761ee900000406507294000000001
[
  {
    "id": 1,
    "name": "Leanne Graham",
    "username": "Bret",
    "email": "Sincere@april.biz",
    "address": {
      "street": "Kulas Light",
      "suite": "Apt. 556",
      "city": "Gwenborough",
      "zipcode": "92998-3874",
      "geo": {
        "lat": "-37.3159",
        "lng": "81.1496"
      }
    },
    "phone": "1-770-736-8031 x56442",
    "website": "hildegard.org",
    "company": {
      "name": "Romaguera-Crona",
      "catchPhrase": "Multi-layered client-server neural-net",
      "bs": "harness real-time e-markets"
    }
  },
  {
    "id": 2,
    "name": "Ervin Howell",
    "username": "Antonette",
    "email": "Shanna@melissa.tv",
    "address": {
      "street": "Victor Plains",
      "suite": "Suite 879",
      "city": "Wisokyburgh",
      "zipcode": "90566-7771",
      "geo": {
        "lat": "-43.9509",
        "lng": "-34.4618"
      }
    },
    "phone": "010-692-6593 x09125",
    "website": "anastasia.net",
    "company": {
      "name": "Deckow-Crist",
      "catchPhrase": "Proactive didactic contingency",
      "bs": "synergize scalable supply-chains"
    }
  },
  {
    "id": 3,
    "name": "Clementine Bauch",
    "username": "Samantha",
    "email": "Nathan@yesenia.net",
    "address": {
      "street": "Douglas Extension",
      "suite": "Suite 847",
      "city": "McKenziehaven",
      "zipcode": "59590-4157",
      "geo": {
        "lat": "-68.6102",
        "lng": "-47.0653"
      }
    },
    "phone": "1-463-123-4447",
    "website": "ramiro.info",
    "company": {
      "name": "Romaguera-Jacobson",
      "catchPhrase": "Face to face bifurcated interface",
      "bs": "e-enable strategic applications"
    }
  },
  {
    "id": 4,
    "name": "Patricia Lebsack",
    "username": "Karianne",
    "email": "Julianne.OConner@kory.org",
    "address": {
      "street": "Hoeger Mall",
      "suite": "Apt. 692",
      "city": "South Elvis",
      "zipcode": "53919-4257",
      "geo": {
        "lat": "29.4572",
        "lng": "-164.2990"
      }
    },
    "phone": "493-170-9623 x156",
    "website": "kale.biz",
    "company": {
      "name": "Robel-Corkery",
      "catchPhrase": "Multi-tiered zero tolerance productivity",
      "bs": "transition cutting-edge web services"
    }
  },
  {
    "id": 5,
    "name": "Chelsey Dietrich",
    "username": "Kamren",
    "email": "Lucio_Hettinger@annie.ca",
    "address": {
      "street": "Skiles Walks",
      "suite": "Suite 351",
      "city": "Roscoeview",
      "zipcode": "33263",
      "geo": {
        "lat": "-31.8129",
        "lng": "62.5342"
      }
    },
    "phone": "(254)954-1289",
    "website": "demarco.info",
    "company": {
      "name": "Keebler LLC",
      "catchPhrase": "User-centric fault-tolerant solution",
      "bs": "revolutionize end-to-end systems"
    }
  },
  {
    "id": 6,
    "name": "Mrs. Dennis Schulist",
    "username": "Leopoldo_Corkery",
    "email": "Karley_Dach@jasper.info",
    "address": {
      "street": "Norberto Crossing",
      "suite": "Apt. 950",
      "city": "South Christy",
      "zipcode": "23505-1337",
      "geo": {
        "lat": "-71.4197",
        "lng": "71.7478"
      }
    },
    "phone": "1-477-935-8478 x6430",
    "website": "ola.org",
    "company": {
      "name": "Considine-Lockman",
      "catchPhrase": "Synchronised bottom-line interface",
      "bs": "e-enable innovative applications"
    }
  },
  {
    "id": 7,
    "name": "Kurtis Weissnat",
    "username": "Elwyn.Skiles",
    "email": "Telly.Hoeger@billy.biz",
    "address": {
      "street": "Rex Trail",
      "suite": "Suite 280",
      "city": "Howemouth",
      "zipcode": "58804-1099",
      "geo": {
        "lat": "24.8918",
        "lng": "21.8984"
      }
    },
    "phone": "210.067.6132",
    "website": "elvis.io",
    "company": {
      "name": "Johns Group",
      "catchPhrase": "Configurable multimedia task-force",
      "bs": "generate enterprise e-tailers"
    }
  },
  {
    "id": 8,
    "name": "Nicholas Runolfsdottir V",
    "username": "Maxime_Nienow",
    "email": "Sherwood@rosamond.me",
    "address": {
      "street": "Ellsworth Summit",
      "suite": "Suite 729",
      "city": "Aliyaview",
      "zipcode": "45169",
      "geo": {
        "lat": "-14.3990",
        "lng": "-120.7677"
      }
    },
    "phone": "586.493.6943 x140",
    "website": "jacynthe.com",
    "company": {
      "name": "Abernathy Group",
      "catchPhrase": "Implemented secondary concept",
      "bs": "e-enable extensible e-tailers"
    }
  },
  {
    "id": 9,
    "name": "Glenna Reichert",
    "username": "Delphine",
    "email": "Chaim_McDermott@dana.io",
    "address": {
      "street": "Dayna Park",
      "suite": "Suite 449",
      "city": "Bartholomebury",
      "zipcode": "76495-3109",
      "geo": {
        "lat": "24.6463",
        "lng": "-168.8889"
      }
    },
    "phone": "(775)976-6794 x41206",
    "website": "conrad.com",
    "company": {
      "name": "Yost and Sons",
      "catchPhrase": "Switchable contextually-based project",
      "bs": "aggregate real-time technologies"
    }
  },
  {
    "id": 10,
    "name": "Clementina DuBuque",
    "username": "Moriah.Stanton",
    "email": "Rey.Padberg@karina.biz",
    "address": {
      "street": "Kattie Turnpike",
      "suite": "Suite 198",
      "city": "Lebsackbury",
      "zipcode": "31428-2261",
      "geo": {
        "lat": "-38.2386",
        "lng": "57.2232"
      }
    },
    "phone": "024-648-3804",
    "website": "ambrose.net",
    "company": {
      "name": "Hoeger LLC",
      "catchPhrase": "Centralized empowering task-force",
      "bs": "target end-to-end models"
    }
  }
]

22:00:56.899 [main] DEBUG com.intuit.karate - request:
2 > GET https://jsonplaceholder.typicode.com/users/1
2 > Accept-Encoding: gzip,deflate
2 > Connection: Keep-Alive
2 > Cookie: __cfduid=d5b54441835d78929334d420fdac73c451611246655
2 > Host: jsonplaceholder.typicode.com
2 > User-Agent: Apache-HttpClient/4.5.12 (Java/11.0.9.1)

22:00:58.763 [main] DEBUG com.intuit.karate - response time in milliseconds: 1858.24
2 < 200
2 < Access-Control-Allow-Credentials: true
2 < Age: 606
2 < CF-Cache-Status: HIT
2 < CF-RAY: 61526c3a096ebba0-LHR
2 < Cache-Control: max-age=43200
2 < Connection: keep-alive
2 < Content-Type: application/json; charset=utf-8
2 < Date: Thu, 21 Jan 2021 16:30:57 GMT
2 < Etag: W/"1fd-+2Y3G3w049iSZtw5t1mzSnunngE"
2 < Expect-CT: max-age=604800, report-uri="https://report-uri.cloudflare.com/cdn-cgi/beacon/expect-ct"
2 < Expires: -1
2 < NEL: {"report_to":"cf-nel","max_age":604800}
2 < Pragma: no-cache
2 < Report-To: {"max_age":604800,"endpoints":[{"url":"https:\/\/a.nel.cloudflare.com\/report?s=4EDygoxKjsMO8Uj9Av9l%2FdKMxGnZeEdu%2F8lDoB7WaWVntxmQnD%2BIF1u8xU3DST6Xn2oNr05ttakfnqtBdijYHfXqbMHHTW19QyYTire1v0jFOQ1XMThrQmOpo1Gw"}],"group":"cf-nel"}
2 < Server: cloudflare
2 < Transfer-Encoding: chunked
2 < Vary: Origin, Accept-Encoding
2 < Via: 1.1 vegur
2 < X-Content-Type-Options: nosniff
2 < X-Powered-By: Express
2 < X-Ratelimit-Limit: 1000
2 < X-Ratelimit-Remaining: 999
2 < X-Ratelimit-Reset: 1608313337
2 < cf-request-id: 07c761f8490000bba09fb85000000001
{
  "id": 1,
  "name": "Leanne Graham",
  "username": "Bret",
  "email": "Sincere@april.biz",
  "address": {
    "street": "Kulas Light",
    "suite": "Apt. 556",
    "city": "Gwenborough",
    "zipcode": "92998-3874",
    "geo": {
      "lat": "-37.3159",
      "lng": "81.1496"
    }
  },
  "phone": "1-770-736-8031 x56442",
  "website": "hildegard.org",
  "company": {
    "name": "Romaguera-Crona",
    "catchPhrase": "Multi-layered client-server neural-net",
    "bs": "harness real-time e-markets"
  }
}

22:00:58.962 [main] INFO  com.intuit.karate - karate.env system property was:  
22:00:59.007 [main] DEBUG com.intuit.karate - request:
1 > POST https://jsonplaceholder.typicode.com/users
1 > Accept-Encoding: gzip,deflate
1 > Connection: Keep-Alive
1 > Content-Length: 160
1 > Content-Type: application/json; charset=UTF-8
1 > Host: jsonplaceholder.typicode.com
1 > User-Agent: Apache-HttpClient/4.5.12 (Java/11.0.9.1)
{"name":"Test User","username":"testuser","email":"test@user.com","address":{"street":"Has No Name","suite":"Apt. 123","city":"Electri","zipcode":"54321-6789"}}

22:01:01.162 [main] DEBUG com.intuit.karate - response time in milliseconds: 2153.83
1 < 201
1 < Access-Control-Allow-Credentials: true
1 < Access-Control-Expose-Headers: Location
1 < CF-Cache-Status: DYNAMIC
1 < CF-RAY: 61526c48bef6ce87-LHR
1 < Cache-Control: no-cache
1 < Connection: keep-alive
1 < Content-Length: 216
1 < Content-Type: application/json; charset=utf-8
1 < Date: Thu, 21 Jan 2021 16:31:00 GMT
1 < Etag: W/"d8-pYV7+YuMGP2hxHPU9ARrf97ifDA"
1 < Expect-CT: max-age=604800, report-uri="https://report-uri.cloudflare.com/cdn-cgi/beacon/expect-ct"
1 < Expires: -1
1 < Location: http://jsonplaceholder.typicode.com/users/11
1 < NEL: {"max_age":604800,"report_to":"cf-nel"}
1 < Pragma: no-cache
1 < Report-To: {"max_age":604800,"endpoints":[{"url":"https:\/\/a.nel.cloudflare.com\/report?s=SY3XkZyjm7e%2FbVzdyRO8WG95P3qz4qSZ3tihyisW53%2FgwpVFHqpg4IdKiv4EXce2pQ9csXgITWtnrh33pP9zYzYvbNuSQ%2BvKMBazFY3FUiS2FoRYnQnkjWcwXtKi"}],"group":"cf-nel"}
1 < Server: cloudflare
1 < Set-Cookie: __cfduid=d6bc260146770cf66ee77b2cbca97ac401611246659; expires=Sat, 20-Feb-21 16:30:59 GMT; path=/; domain=.typicode.com; HttpOnly; SameSite=Lax
1 < Vary: Origin, X-HTTP-Method-Override, Accept-Encoding
1 < Via: 1.1 vegur
1 < X-Content-Type-Options: nosniff
1 < X-Powered-By: Express
1 < X-Ratelimit-Limit: 1000
1 < X-Ratelimit-Remaining: 999
1 < X-Ratelimit-Reset: 1611246688
1 < cf-request-id: 07c76201750000ce876621c000000001
{
  "name": "Test User",
  "username": "testuser",
  "email": "test@user.com",
  "address": {
    "street": "Has No Name",
    "suite": "Apt. 123",
    "city": "Electri",
    "zipcode": "54321-6789"
  },
  "id": 11
}

22:01:01.235 [main] INFO  com.intuit.karate - [print] created id is:  11
08:53:43.930 [main] INFO  com.intuit.karate - karate.env system property was:  
08:53:53.360 [main] DEBUG com.intuit.karate - request:
1 > GET https://jsonplaceholder.typicode.com/users
1 > Accept-Encoding: gzip,deflate
1 > Connection: Keep-Alive
1 > Host: jsonplaceholder.typicode.com
1 > User-Agent: Apache-HttpClient/4.5.12 (Java/11.0.9.1)

08:54:00.462 [main] DEBUG com.intuit.karate - response time in milliseconds: 7019.92
1 < 200
1 < Age: 3936
1 < CF-Cache-Status: HIT
1 < CF-RAY: 615628d36cae17b7-SIN
1 < Connection: keep-alive
1 < Content-Type: application/json; charset=utf-8
1 < Date: Fri, 22 Jan 2021 03:23:59 GMT
1 < Expect-CT: max-age=604800, report-uri="https://report-uri.cloudflare.com/cdn-cgi/beacon/expect-ct"
1 < NEL: {"max_age":604800,"report_to":"cf-nel"}
1 < Report-To: {"endpoints":[{"url":"https:\/\/a.nel.cloudflare.com\/report?s=87rp2feSXNkoSxFCCRyze1gH2nXLtIp%2BK58qVlbrm0%2BlTu0N4CJmA1SeEmtIgBCqCYHAN0A%2BTun9RK6RZP1X5X1bKYZ0ky3dSfqRBwbbMLhBPQQGY%2FvfvYLiYlkO"}],"group":"cf-nel","max_age":604800}
1 < Server: cloudflare
1 < Set-Cookie: __cfduid=d1336822f6b8419cd3d1d8c85431e323b1611285839; expires=Sun, 21-Feb-21 03:23:59 GMT; path=/; domain=.typicode.com; HttpOnly; SameSite=Lax
1 < Transfer-Encoding: chunked
1 < access-control-allow-credentials: true
1 < cache-control: max-age=43200
1 < cf-request-id: 07c9b7d828000017b755887000000001
1 < etag: W/"160d-1eMSsxeJRfnVLRBmYJSbCiJZ1qQ"
1 < expires: -1
1 < pragma: no-cache
1 < vary: Origin, Accept-Encoding
1 < via: 1.1 vegur
1 < x-content-type-options: nosniff
1 < x-powered-by: Express
1 < x-ratelimit-limit: 1000
1 < x-ratelimit-remaining: 999
1 < x-ratelimit-reset: 1608634521
[
  {
    "id": 1,
    "name": "Leanne Graham",
    "username": "Bret",
    "email": "Sincere@april.biz",
    "address": {
      "street": "Kulas Light",
      "suite": "Apt. 556",
      "city": "Gwenborough",
      "zipcode": "92998-3874",
      "geo": {
        "lat": "-37.3159",
        "lng": "81.1496"
      }
    },
    "phone": "1-770-736-8031 x56442",
    "website": "hildegard.org",
    "company": {
      "name": "Romaguera-Crona",
      "catchPhrase": "Multi-layered client-server neural-net",
      "bs": "harness real-time e-markets"
    }
  },
  {
    "id": 2,
    "name": "Ervin Howell",
    "username": "Antonette",
    "email": "Shanna@melissa.tv",
    "address": {
      "street": "Victor Plains",
      "suite": "Suite 879",
      "city": "Wisokyburgh",
      "zipcode": "90566-7771",
      "geo": {
        "lat": "-43.9509",
        "lng": "-34.4618"
      }
    },
    "phone": "010-692-6593 x09125",
    "website": "anastasia.net",
    "company": {
      "name": "Deckow-Crist",
      "catchPhrase": "Proactive didactic contingency",
      "bs": "synergize scalable supply-chains"
    }
  },
  {
    "id": 3,
    "name": "Clementine Bauch",
    "username": "Samantha",
    "email": "Nathan@yesenia.net",
    "address": {
      "street": "Douglas Extension",
      "suite": "Suite 847",
      "city": "McKenziehaven",
      "zipcode": "59590-4157",
      "geo": {
        "lat": "-68.6102",
        "lng": "-47.0653"
      }
    },
    "phone": "1-463-123-4447",
    "website": "ramiro.info",
    "company": {
      "name": "Romaguera-Jacobson",
      "catchPhrase": "Face to face bifurcated interface",
      "bs": "e-enable strategic applications"
    }
  },
  {
    "id": 4,
    "name": "Patricia Lebsack",
    "username": "Karianne",
    "email": "Julianne.OConner@kory.org",
    "address": {
      "street": "Hoeger Mall",
      "suite": "Apt. 692",
      "city": "South Elvis",
      "zipcode": "53919-4257",
      "geo": {
        "lat": "29.4572",
        "lng": "-164.2990"
      }
    },
    "phone": "493-170-9623 x156",
    "website": "kale.biz",
    "company": {
      "name": "Robel-Corkery",
      "catchPhrase": "Multi-tiered zero tolerance productivity",
      "bs": "transition cutting-edge web services"
    }
  },
  {
    "id": 5,
    "name": "Chelsey Dietrich",
    "username": "Kamren",
    "email": "Lucio_Hettinger@annie.ca",
    "address": {
      "street": "Skiles Walks",
      "suite": "Suite 351",
      "city": "Roscoeview",
      "zipcode": "33263",
      "geo": {
        "lat": "-31.8129",
        "lng": "62.5342"
      }
    },
    "phone": "(254)954-1289",
    "website": "demarco.info",
    "company": {
      "name": "Keebler LLC",
      "catchPhrase": "User-centric fault-tolerant solution",
      "bs": "revolutionize end-to-end systems"
    }
  },
  {
    "id": 6,
    "name": "Mrs. Dennis Schulist",
    "username": "Leopoldo_Corkery",
    "email": "Karley_Dach@jasper.info",
    "address": {
      "street": "Norberto Crossing",
      "suite": "Apt. 950",
      "city": "South Christy",
      "zipcode": "23505-1337",
      "geo": {
        "lat": "-71.4197",
        "lng": "71.7478"
      }
    },
    "phone": "1-477-935-8478 x6430",
    "website": "ola.org",
    "company": {
      "name": "Considine-Lockman",
      "catchPhrase": "Synchronised bottom-line interface",
      "bs": "e-enable innovative applications"
    }
  },
  {
    "id": 7,
    "name": "Kurtis Weissnat",
    "username": "Elwyn.Skiles",
    "email": "Telly.Hoeger@billy.biz",
    "address": {
      "street": "Rex Trail",
      "suite": "Suite 280",
      "city": "Howemouth",
      "zipcode": "58804-1099",
      "geo": {
        "lat": "24.8918",
        "lng": "21.8984"
      }
    },
    "phone": "210.067.6132",
    "website": "elvis.io",
    "company": {
      "name": "Johns Group",
      "catchPhrase": "Configurable multimedia task-force",
      "bs": "generate enterprise e-tailers"
    }
  },
  {
    "id": 8,
    "name": "Nicholas Runolfsdottir V",
    "username": "Maxime_Nienow",
    "email": "Sherwood@rosamond.me",
    "address": {
      "street": "Ellsworth Summit",
      "suite": "Suite 729",
      "city": "Aliyaview",
      "zipcode": "45169",
      "geo": {
        "lat": "-14.3990",
        "lng": "-120.7677"
      }
    },
    "phone": "586.493.6943 x140",
    "website": "jacynthe.com",
    "company": {
      "name": "Abernathy Group",
      "catchPhrase": "Implemented secondary concept",
      "bs": "e-enable extensible e-tailers"
    }
  },
  {
    "id": 9,
    "name": "Glenna Reichert",
    "username": "Delphine",
    "email": "Chaim_McDermott@dana.io",
    "address": {
      "street": "Dayna Park",
      "suite": "Suite 449",
      "city": "Bartholomebury",
      "zipcode": "76495-3109",
      "geo": {
        "lat": "24.6463",
        "lng": "-168.8889"
      }
    },
    "phone": "(775)976-6794 x41206",
    "website": "conrad.com",
    "company": {
      "name": "Yost and Sons",
      "catchPhrase": "Switchable contextually-based project",
      "bs": "aggregate real-time technologies"
    }
  },
  {
    "id": 10,
    "name": "Clementina DuBuque",
    "username": "Moriah.Stanton",
    "email": "Rey.Padberg@karina.biz",
    "address": {
      "street": "Kattie Turnpike",
      "suite": "Suite 198",
      "city": "Lebsackbury",
      "zipcode": "31428-2261",
      "geo": {
        "lat": "-38.2386",
        "lng": "57.2232"
      }
    },
    "phone": "024-648-3804",
    "website": "ambrose.net",
    "company": {
      "name": "Hoeger LLC",
      "catchPhrase": "Centralized empowering task-force",
      "bs": "target end-to-end models"
    }
  }
]

08:54:00.774 [main] DEBUG com.intuit.karate - request:
2 > GET https://jsonplaceholder.typicode.com/users/1
2 > Accept-Encoding: gzip,deflate
2 > Connection: Keep-Alive
2 > Cookie: __cfduid=d1336822f6b8419cd3d1d8c85431e323b1611285839
2 > Host: jsonplaceholder.typicode.com
2 > User-Agent: Apache-HttpClient/4.5.12 (Java/11.0.9.1)

08:54:01.370 [main] DEBUG com.intuit.karate - response time in milliseconds: 576.30
2 < 200
2 < Access-Control-Allow-Credentials: true
2 < Age: 1143
2 < CF-Cache-Status: HIT
2 < CF-RAY: 615628dc0f80c322-SIN
2 < Cache-Control: max-age=43200
2 < Connection: keep-alive
2 < Content-Type: application/json; charset=utf-8
2 < Date: Fri, 22 Jan 2021 03:24:01 GMT
2 < Etag: W/"1fd-+2Y3G3w049iSZtw5t1mzSnunngE"
2 < Expect-CT: max-age=604800, report-uri="https://report-uri.cloudflare.com/cdn-cgi/beacon/expect-ct"
2 < Expires: -1
2 < NEL: {"max_age":604800,"report_to":"cf-nel"}
2 < Pragma: no-cache
2 < Report-To: {"endpoints":[{"url":"https:\/\/a.nel.cloudflare.com\/report?s=WOE8ex7aMx1oj8%2BaGLk0SM9wdyHdvi3%2Bp4SUIeqkOH9zxSV4DLKn9%2BqjPZmaTIZRp6umy075BQ%2B%2B9qQJApK8ePgAiUt3RO6gWy9RM0HUXK53V%2FuXqXj1MHEIUAm8"}],"group":"cf-nel","max_age":604800}
2 < Server: cloudflare
2 < Transfer-Encoding: chunked
2 < Vary: Origin, Accept-Encoding
2 < Via: 1.1 vegur
2 < X-Content-Type-Options: nosniff
2 < X-Powered-By: Express
2 < X-Ratelimit-Limit: 1000
2 < X-Ratelimit-Remaining: 999
2 < X-Ratelimit-Reset: 1609594505
2 < cf-request-id: 07c9b7dd890000c32211356000000001
{
  "id": 1,
  "name": "Leanne Graham",
  "username": "Bret",
  "email": "Sincere@april.biz",
  "address": {
    "street": "Kulas Light",
    "suite": "Apt. 556",
    "city": "Gwenborough",
    "zipcode": "92998-3874",
    "geo": {
      "lat": "-37.3159",
      "lng": "81.1496"
    }
  },
  "phone": "1-770-736-8031 x56442",
  "website": "hildegard.org",
  "company": {
    "name": "Romaguera-Crona",
    "catchPhrase": "Multi-layered client-server neural-net",
    "bs": "harness real-time e-markets"
  }
}

08:54:01.644 [main] INFO  com.intuit.karate - karate.env system property was:  
08:54:01.707 [main] DEBUG com.intuit.karate - request:
1 > POST https://jsonplaceholder.typicode.com/users
1 > Accept-Encoding: gzip,deflate
1 > Connection: Keep-Alive
1 > Content-Length: 160
1 > Content-Type: application/json; charset=UTF-8
1 > Host: jsonplaceholder.typicode.com
1 > User-Agent: Apache-HttpClient/4.5.12 (Java/11.0.9.1)
{"name":"Test User","username":"testuser","email":"test@user.com","address":{"street":"Has No Name","suite":"Apt. 123","city":"Electri","zipcode":"54321-6789"}}

08:54:02.940 [main] DEBUG com.intuit.karate - response time in milliseconds: 1231.64
1 < 201
1 < Access-Control-Allow-Credentials: true
1 < Access-Control-Expose-Headers: Location
1 < CF-Cache-Status: DYNAMIC
1 < CF-RAY: 615628e2eca5dd87-SIN
1 < Cache-Control: no-cache
1 < Connection: keep-alive
1 < Content-Length: 216
1 < Content-Type: application/json; charset=utf-8
1 < Date: Fri, 22 Jan 2021 03:24:02 GMT
1 < Etag: W/"d8-pYV7+YuMGP2hxHPU9ARrf97ifDA"
1 < Expect-CT: max-age=604800, report-uri="https://report-uri.cloudflare.com/cdn-cgi/beacon/expect-ct"
1 < Expires: -1
1 < Location: http://jsonplaceholder.typicode.com/users/11
1 < NEL: {"report_to":"cf-nel","max_age":604800}
1 < Pragma: no-cache
1 < Report-To: {"group":"cf-nel","endpoints":[{"url":"https:\/\/a.nel.cloudflare.com\/report?s=hTJVhXgdxQsjk6JZQz06NpmsRscFyZPENW2qD5Xh1ZLkBTzjyH0NXKePGLOwo9QxiKmV1QeFWVIZH%2FFdHaYYMNe737egq3uarNZmiraY2i%2BS7poFdIv55mIupkF3"}],"max_age":604800}
1 < Server: cloudflare
1 < Set-Cookie: __cfduid=d67ddcf12bf2f9c51391ad175ddeef1a51611285842; expires=Sun, 21-Feb-21 03:24:02 GMT; path=/; domain=.typicode.com; HttpOnly; SameSite=Lax
1 < Vary: Origin, X-HTTP-Method-Override, Accept-Encoding
1 < Via: 1.1 vegur
1 < X-Content-Type-Options: nosniff
1 < X-Powered-By: Express
1 < X-Ratelimit-Limit: 1000
1 < X-Ratelimit-Remaining: 999
1 < X-Ratelimit-Reset: 1611285869
1 < cf-request-id: 07c9b7e1d10000dd87dd83e000000001
{
  "name": "Test User",
  "username": "testuser",
  "email": "test@user.com",
  "address": {
    "street": "Has No Name",
    "suite": "Apt. 123",
    "city": "Electri",
    "zipcode": "54321-6789"
  },
  "id": 11
}

08:54:03.002 [main] INFO  com.intuit.karate - [print] created id is:  11
11:18:00.498 [main] INFO  com.intuit.karate - karate.env system property was:  
11:18:05.078 [main] DEBUG com.intuit.karate - request:
1 > GET https://jsonplaceholder.typicode.com/users
1 > Accept-Encoding: gzip,deflate
1 > Connection: Keep-Alive
1 > Host: jsonplaceholder.typicode.com
1 > User-Agent: Apache-HttpClient/4.5.12 (Java/11.0.9.1)

11:18:08.420 [main] DEBUG com.intuit.karate - response time in milliseconds: 3303.68
1 < 200
1 < Age: 12585
1 < CF-Cache-Status: HIT
1 < CF-RAY: 6156fbf6d9b91a7a-SIN
1 < Connection: keep-alive
1 < Content-Type: application/json; charset=utf-8
1 < Date: Fri, 22 Jan 2021 05:48:08 GMT
1 < Expect-CT: max-age=604800, report-uri="https://report-uri.cloudflare.com/cdn-cgi/beacon/expect-ct"
1 < NEL: {"max_age":604800,"report_to":"cf-nel"}
1 < Report-To: {"group":"cf-nel","endpoints":[{"url":"https:\/\/a.nel.cloudflare.com\/report?s=V%2F5B%2B1xaAQixiwLIxly3WHkTRUYv2OzJT3tmYJJZKTeI%2Bc%2FhQJrYfLDwRSnAyX%2BwSToCh5nRJE82tXZpNySquM4TUHtnISJdHjRnzWMIMF5ZKMUCmPDCPxOxbgwZ"}],"max_age":604800}
1 < Server: cloudflare
1 < Set-Cookie: __cfduid=d1ff88814b349a8df5a8aa34fdd684a171611294488; expires=Sun, 21-Feb-21 05:48:08 GMT; path=/; domain=.typicode.com; HttpOnly; SameSite=Lax
1 < Transfer-Encoding: chunked
1 < access-control-allow-credentials: true
1 < cache-control: max-age=43200
1 < cf-request-id: 07ca3bce4900001a7a34118000000001
1 < etag: W/"160d-1eMSsxeJRfnVLRBmYJSbCiJZ1qQ"
1 < expires: -1
1 < pragma: no-cache
1 < vary: Origin, Accept-Encoding
1 < via: 1.1 vegur
1 < x-content-type-options: nosniff
1 < x-powered-by: Express
1 < x-ratelimit-limit: 1000
1 < x-ratelimit-remaining: 999
1 < x-ratelimit-reset: 1608634521
[
  {
    "id": 1,
    "name": "Leanne Graham",
    "username": "Bret",
    "email": "Sincere@april.biz",
    "address": {
      "street": "Kulas Light",
      "suite": "Apt. 556",
      "city": "Gwenborough",
      "zipcode": "92998-3874",
      "geo": {
        "lat": "-37.3159",
        "lng": "81.1496"
      }
    },
    "phone": "1-770-736-8031 x56442",
    "website": "hildegard.org",
    "company": {
      "name": "Romaguera-Crona",
      "catchPhrase": "Multi-layered client-server neural-net",
      "bs": "harness real-time e-markets"
    }
  },
  {
    "id": 2,
    "name": "Ervin Howell",
    "username": "Antonette",
    "email": "Shanna@melissa.tv",
    "address": {
      "street": "Victor Plains",
      "suite": "Suite 879",
      "city": "Wisokyburgh",
      "zipcode": "90566-7771",
      "geo": {
        "lat": "-43.9509",
        "lng": "-34.4618"
      }
    },
    "phone": "010-692-6593 x09125",
    "website": "anastasia.net",
    "company": {
      "name": "Deckow-Crist",
      "catchPhrase": "Proactive didactic contingency",
      "bs": "synergize scalable supply-chains"
    }
  },
  {
    "id": 3,
    "name": "Clementine Bauch",
    "username": "Samantha",
    "email": "Nathan@yesenia.net",
    "address": {
      "street": "Douglas Extension",
      "suite": "Suite 847",
      "city": "McKenziehaven",
      "zipcode": "59590-4157",
      "geo": {
        "lat": "-68.6102",
        "lng": "-47.0653"
      }
    },
    "phone": "1-463-123-4447",
    "website": "ramiro.info",
    "company": {
      "name": "Romaguera-Jacobson",
      "catchPhrase": "Face to face bifurcated interface",
      "bs": "e-enable strategic applications"
    }
  },
  {
    "id": 4,
    "name": "Patricia Lebsack",
    "username": "Karianne",
    "email": "Julianne.OConner@kory.org",
    "address": {
      "street": "Hoeger Mall",
      "suite": "Apt. 692",
      "city": "South Elvis",
      "zipcode": "53919-4257",
      "geo": {
        "lat": "29.4572",
        "lng": "-164.2990"
      }
    },
    "phone": "493-170-9623 x156",
    "website": "kale.biz",
    "company": {
      "name": "Robel-Corkery",
      "catchPhrase": "Multi-tiered zero tolerance productivity",
      "bs": "transition cutting-edge web services"
    }
  },
  {
    "id": 5,
    "name": "Chelsey Dietrich",
    "username": "Kamren",
    "email": "Lucio_Hettinger@annie.ca",
    "address": {
      "street": "Skiles Walks",
      "suite": "Suite 351",
      "city": "Roscoeview",
      "zipcode": "33263",
      "geo": {
        "lat": "-31.8129",
        "lng": "62.5342"
      }
    },
    "phone": "(254)954-1289",
    "website": "demarco.info",
    "company": {
      "name": "Keebler LLC",
      "catchPhrase": "User-centric fault-tolerant solution",
      "bs": "revolutionize end-to-end systems"
    }
  },
  {
    "id": 6,
    "name": "Mrs. Dennis Schulist",
    "username": "Leopoldo_Corkery",
    "email": "Karley_Dach@jasper.info",
    "address": {
      "street": "Norberto Crossing",
      "suite": "Apt. 950",
      "city": "South Christy",
      "zipcode": "23505-1337",
      "geo": {
        "lat": "-71.4197",
        "lng": "71.7478"
      }
    },
    "phone": "1-477-935-8478 x6430",
    "website": "ola.org",
    "company": {
      "name": "Considine-Lockman",
      "catchPhrase": "Synchronised bottom-line interface",
      "bs": "e-enable innovative applications"
    }
  },
  {
    "id": 7,
    "name": "Kurtis Weissnat",
    "username": "Elwyn.Skiles",
    "email": "Telly.Hoeger@billy.biz",
    "address": {
      "street": "Rex Trail",
      "suite": "Suite 280",
      "city": "Howemouth",
      "zipcode": "58804-1099",
      "geo": {
        "lat": "24.8918",
        "lng": "21.8984"
      }
    },
    "phone": "210.067.6132",
    "website": "elvis.io",
    "company": {
      "name": "Johns Group",
      "catchPhrase": "Configurable multimedia task-force",
      "bs": "generate enterprise e-tailers"
    }
  },
  {
    "id": 8,
    "name": "Nicholas Runolfsdottir V",
    "username": "Maxime_Nienow",
    "email": "Sherwood@rosamond.me",
    "address": {
      "street": "Ellsworth Summit",
      "suite": "Suite 729",
      "city": "Aliyaview",
      "zipcode": "45169",
      "geo": {
        "lat": "-14.3990",
        "lng": "-120.7677"
      }
    },
    "phone": "586.493.6943 x140",
    "website": "jacynthe.com",
    "company": {
      "name": "Abernathy Group",
      "catchPhrase": "Implemented secondary concept",
      "bs": "e-enable extensible e-tailers"
    }
  },
  {
    "id": 9,
    "name": "Glenna Reichert",
    "username": "Delphine",
    "email": "Chaim_McDermott@dana.io",
    "address": {
      "street": "Dayna Park",
      "suite": "Suite 449",
      "city": "Bartholomebury",
      "zipcode": "76495-3109",
      "geo": {
        "lat": "24.6463",
        "lng": "-168.8889"
      }
    },
    "phone": "(775)976-6794 x41206",
    "website": "conrad.com",
    "company": {
      "name": "Yost and Sons",
      "catchPhrase": "Switchable contextually-based project",
      "bs": "aggregate real-time technologies"
    }
  },
  {
    "id": 10,
    "name": "Clementina DuBuque",
    "username": "Moriah.Stanton",
    "email": "Rey.Padberg@karina.biz",
    "address": {
      "street": "Kattie Turnpike",
      "suite": "Suite 198",
      "city": "Lebsackbury",
      "zipcode": "31428-2261",
      "geo": {
        "lat": "-38.2386",
        "lng": "57.2232"
      }
    },
    "phone": "024-648-3804",
    "website": "ambrose.net",
    "company": {
      "name": "Hoeger LLC",
      "catchPhrase": "Centralized empowering task-force",
      "bs": "target end-to-end models"
    }
  }
]

11:18:08.764 [main] DEBUG com.intuit.karate - request:
2 > GET https://jsonplaceholder.typicode.com/users/1
2 > Accept-Encoding: gzip,deflate
2 > Connection: Keep-Alive
2 > Cookie: __cfduid=d1ff88814b349a8df5a8aa34fdd684a171611294488
2 > Host: jsonplaceholder.typicode.com
2 > User-Agent: Apache-HttpClient/4.5.12 (Java/11.0.9.1)

11:18:09.533 [main] DEBUG com.intuit.karate - response time in milliseconds: 747.78
2 < 200
2 < Access-Control-Allow-Credentials: true
2 < Age: 9791
2 < CF-Cache-Status: HIT
2 < CF-RAY: 6156fbff3f91d9e8-SIN
2 < Cache-Control: max-age=43200
2 < Connection: keep-alive
2 < Content-Type: application/json; charset=utf-8
2 < Date: Fri, 22 Jan 2021 05:48:09 GMT
2 < Etag: W/"1fd-+2Y3G3w049iSZtw5t1mzSnunngE"
2 < Expect-CT: max-age=604800, report-uri="https://report-uri.cloudflare.com/cdn-cgi/beacon/expect-ct"
2 < Expires: -1
2 < NEL: {"report_to":"cf-nel","max_age":604800}
2 < Pragma: no-cache
2 < Report-To: {"group":"cf-nel","max_age":604800,"endpoints":[{"url":"https:\/\/a.nel.cloudflare.com\/report?s=AbFTpVmfFkMubhYEwkQabsGDMtt06PkDKGB9cOPmJmIK4N%2FUnGD43Xyx91y%2FOfx8WSlbHXbAgQA3wH%2BebEDSLhMaHSUuImy%2FZ2I84%2Bnp4K86CHmFjr8i1eZnM81Q"}]}
2 < Server: cloudflare
2 < Transfer-Encoding: chunked
2 < Vary: Origin, Accept-Encoding
2 < Via: 1.1 vegur
2 < X-Content-Type-Options: nosniff
2 < X-Powered-By: Express
2 < X-Ratelimit-Limit: 1000
2 < X-Ratelimit-Remaining: 999
2 < X-Ratelimit-Reset: 1609594505
2 < cf-request-id: 07ca3bd3870000d9e845b98000000001
{
  "id": 1,
  "name": "Leanne Graham",
  "username": "Bret",
  "email": "Sincere@april.biz",
  "address": {
    "street": "Kulas Light",
    "suite": "Apt. 556",
    "city": "Gwenborough",
    "zipcode": "92998-3874",
    "geo": {
      "lat": "-37.3159",
      "lng": "81.1496"
    }
  },
  "phone": "1-770-736-8031 x56442",
  "website": "hildegard.org",
  "company": {
    "name": "Romaguera-Crona",
    "catchPhrase": "Multi-layered client-server neural-net",
    "bs": "harness real-time e-markets"
  }
}

11:18:09.691 [main] INFO  com.intuit.karate - karate.env system property was:  
11:18:09.769 [main] DEBUG com.intuit.karate - request:
1 > POST https://jsonplaceholder.typicode.com/users
1 > Accept-Encoding: gzip,deflate
1 > Connection: Keep-Alive
1 > Content-Length: 160
1 > Content-Type: application/json; charset=UTF-8
1 > Host: jsonplaceholder.typicode.com
1 > User-Agent: Apache-HttpClient/4.5.12 (Java/11.0.9.1)
{"name":"Test User","username":"testuser","email":"test@user.com","address":{"street":"Has No Name","suite":"Apt. 123","city":"Electri","zipcode":"54321-6789"}}

11:18:10.943 [main] DEBUG com.intuit.karate - response time in milliseconds: 1174.77
1 < 201
1 < Access-Control-Allow-Credentials: true
1 < Access-Control-Expose-Headers: Location
1 < CF-Cache-Status: DYNAMIC
1 < CF-RAY: 6156fc0459c31a5e-SIN
1 < Cache-Control: no-cache
1 < Connection: keep-alive
1 < Content-Length: 216
1 < Content-Type: application/json; charset=utf-8
1 < Date: Fri, 22 Jan 2021 05:48:10 GMT
1 < Etag: W/"d8-pYV7+YuMGP2hxHPU9ARrf97ifDA"
1 < Expect-CT: max-age=604800, report-uri="https://report-uri.cloudflare.com/cdn-cgi/beacon/expect-ct"
1 < Expires: -1
1 < Location: http://jsonplaceholder.typicode.com/users/11
1 < NEL: {"max_age":604800,"report_to":"cf-nel"}
1 < Pragma: no-cache
1 < Report-To: {"group":"cf-nel","max_age":604800,"endpoints":[{"url":"https:\/\/a.nel.cloudflare.com\/report?s=AStkt5lOh38iTPbdeWX2P%2BjP8%2BGyHWFKad3mdCZMouPulVVvqLMlK6NN3HjAkHfHJ%2FPBJU4iJrA7GznosultsgjP3tXqTBAht3pAQKp3taQgQdK1QABdCAjMi4IT"}]}
1 < Server: cloudflare
1 < Set-Cookie: __cfduid=d91768c1ae07e1567f4b3bf9036c9e2dc1611294490; expires=Sun, 21-Feb-21 05:48:10 GMT; path=/; domain=.typicode.com; HttpOnly; SameSite=Lax
1 < Vary: Origin, X-HTTP-Method-Override, Accept-Encoding
1 < Via: 1.1 vegur
1 < X-Content-Type-Options: nosniff
1 < X-Powered-By: Express
1 < X-Ratelimit-Limit: 1000
1 < X-Ratelimit-Remaining: 999
1 < X-Ratelimit-Reset: 1611294506
1 < cf-request-id: 07ca3bd6bb00001a5e111bd000000001
{
  "name": "Test User",
  "username": "testuser",
  "email": "test@user.com",
  "address": {
    "street": "Has No Name",
    "suite": "Apt. 123",
    "city": "Electri",
    "zipcode": "54321-6789"
  },
  "id": 11
}

11:18:11.037 [main] INFO  com.intuit.karate - [print] created id is:  11
12:43:10.186 [main] INFO  com.intuit.karate - karate.env system property was:  
12:43:16.963 [main] DEBUG com.intuit.karate - request:
1 > GET https://jsonplaceholder.typicode.com/users
1 > Accept-Encoding: gzip,deflate
1 > Connection: Keep-Alive
1 > Host: jsonplaceholder.typicode.com
1 > User-Agent: Apache-HttpClient/4.5.12 (Java/11.0.9.1)

12:43:21.277 [main] DEBUG com.intuit.karate - response time in milliseconds: 4274.29
1 < 200
1 < Access-Control-Allow-Credentials: true
1 < Age: 24741
1 < CF-Cache-Status: HIT
1 < CF-RAY: 615778ca6ea940d2-LHR
1 < Cache-Control: max-age=43200
1 < Connection: keep-alive
1 < Content-Type: application/json; charset=utf-8
1 < Date: Fri, 22 Jan 2021 07:13:21 GMT
1 < Etag: W/"160d-1eMSsxeJRfnVLRBmYJSbCiJZ1qQ"
1 < Expect-CT: max-age=604800, report-uri="https://report-uri.cloudflare.com/cdn-cgi/beacon/expect-ct"
1 < Expires: -1
1 < NEL: {"report_to":"cf-nel","max_age":604800}
1 < Pragma: no-cache
1 < Report-To: {"group":"cf-nel","max_age":604800,"endpoints":[{"url":"https:\/\/a.nel.cloudflare.com\/report?s=P6%2BaZj%2FLUfDOI8Vvfu6PQhrJtEK3%2BUHeYSLkBFC8TMMObWkHF9Xg9CdNKe4FDZWTbmjNm5JYecb5xMaOXyijsWLjg9O6qu9DiQMNFYpPzd%2BgC53rWqewltkfHvFP"}]}
1 < Server: cloudflare
1 < Set-Cookie: __cfduid=d2e1e6d15f486cd5ca6dcc49bb744f03b1611299601; expires=Sun, 21-Feb-21 07:13:21 GMT; path=/; domain=.typicode.com; HttpOnly; SameSite=Lax
1 < Transfer-Encoding: chunked
1 < Vary: Origin, Accept-Encoding
1 < Via: 1.1 vegur
1 < X-Content-Type-Options: nosniff
1 < X-Powered-By: Express
1 < X-Ratelimit-Limit: 1000
1 < X-Ratelimit-Remaining: 999
1 < X-Ratelimit-Reset: 1607681300
1 < cf-request-id: 07ca89d281000040d2b786b000000001
[
  {
    "id": 1,
    "name": "Leanne Graham",
    "username": "Bret",
    "email": "Sincere@april.biz",
    "address": {
      "street": "Kulas Light",
      "suite": "Apt. 556",
      "city": "Gwenborough",
      "zipcode": "92998-3874",
      "geo": {
        "lat": "-37.3159",
        "lng": "81.1496"
      }
    },
    "phone": "1-770-736-8031 x56442",
    "website": "hildegard.org",
    "company": {
      "name": "Romaguera-Crona",
      "catchPhrase": "Multi-layered client-server neural-net",
      "bs": "harness real-time e-markets"
    }
  },
  {
    "id": 2,
    "name": "Ervin Howell",
    "username": "Antonette",
    "email": "Shanna@melissa.tv",
    "address": {
      "street": "Victor Plains",
      "suite": "Suite 879",
      "city": "Wisokyburgh",
      "zipcode": "90566-7771",
      "geo": {
        "lat": "-43.9509",
        "lng": "-34.4618"
      }
    },
    "phone": "010-692-6593 x09125",
    "website": "anastasia.net",
    "company": {
      "name": "Deckow-Crist",
      "catchPhrase": "Proactive didactic contingency",
      "bs": "synergize scalable supply-chains"
    }
  },
  {
    "id": 3,
    "name": "Clementine Bauch",
    "username": "Samantha",
    "email": "Nathan@yesenia.net",
    "address": {
      "street": "Douglas Extension",
      "suite": "Suite 847",
      "city": "McKenziehaven",
      "zipcode": "59590-4157",
      "geo": {
        "lat": "-68.6102",
        "lng": "-47.0653"
      }
    },
    "phone": "1-463-123-4447",
    "website": "ramiro.info",
    "company": {
      "name": "Romaguera-Jacobson",
      "catchPhrase": "Face to face bifurcated interface",
      "bs": "e-enable strategic applications"
    }
  },
  {
    "id": 4,
    "name": "Patricia Lebsack",
    "username": "Karianne",
    "email": "Julianne.OConner@kory.org",
    "address": {
      "street": "Hoeger Mall",
      "suite": "Apt. 692",
      "city": "South Elvis",
      "zipcode": "53919-4257",
      "geo": {
        "lat": "29.4572",
        "lng": "-164.2990"
      }
    },
    "phone": "493-170-9623 x156",
    "website": "kale.biz",
    "company": {
      "name": "Robel-Corkery",
      "catchPhrase": "Multi-tiered zero tolerance productivity",
      "bs": "transition cutting-edge web services"
    }
  },
  {
    "id": 5,
    "name": "Chelsey Dietrich",
    "username": "Kamren",
    "email": "Lucio_Hettinger@annie.ca",
    "address": {
      "street": "Skiles Walks",
      "suite": "Suite 351",
      "city": "Roscoeview",
      "zipcode": "33263",
      "geo": {
        "lat": "-31.8129",
        "lng": "62.5342"
      }
    },
    "phone": "(254)954-1289",
    "website": "demarco.info",
    "company": {
      "name": "Keebler LLC",
      "catchPhrase": "User-centric fault-tolerant solution",
      "bs": "revolutionize end-to-end systems"
    }
  },
  {
    "id": 6,
    "name": "Mrs. Dennis Schulist",
    "username": "Leopoldo_Corkery",
    "email": "Karley_Dach@jasper.info",
    "address": {
      "street": "Norberto Crossing",
      "suite": "Apt. 950",
      "city": "South Christy",
      "zipcode": "23505-1337",
      "geo": {
        "lat": "-71.4197",
        "lng": "71.7478"
      }
    },
    "phone": "1-477-935-8478 x6430",
    "website": "ola.org",
    "company": {
      "name": "Considine-Lockman",
      "catchPhrase": "Synchronised bottom-line interface",
      "bs": "e-enable innovative applications"
    }
  },
  {
    "id": 7,
    "name": "Kurtis Weissnat",
    "username": "Elwyn.Skiles",
    "email": "Telly.Hoeger@billy.biz",
    "address": {
      "street": "Rex Trail",
      "suite": "Suite 280",
      "city": "Howemouth",
      "zipcode": "58804-1099",
      "geo": {
        "lat": "24.8918",
        "lng": "21.8984"
      }
    },
    "phone": "210.067.6132",
    "website": "elvis.io",
    "company": {
      "name": "Johns Group",
      "catchPhrase": "Configurable multimedia task-force",
      "bs": "generate enterprise e-tailers"
    }
  },
  {
    "id": 8,
    "name": "Nicholas Runolfsdottir V",
    "username": "Maxime_Nienow",
    "email": "Sherwood@rosamond.me",
    "address": {
      "street": "Ellsworth Summit",
      "suite": "Suite 729",
      "city": "Aliyaview",
      "zipcode": "45169",
      "geo": {
        "lat": "-14.3990",
        "lng": "-120.7677"
      }
    },
    "phone": "586.493.6943 x140",
    "website": "jacynthe.com",
    "company": {
      "name": "Abernathy Group",
      "catchPhrase": "Implemented secondary concept",
      "bs": "e-enable extensible e-tailers"
    }
  },
  {
    "id": 9,
    "name": "Glenna Reichert",
    "username": "Delphine",
    "email": "Chaim_McDermott@dana.io",
    "address": {
      "street": "Dayna Park",
      "suite": "Suite 449",
      "city": "Bartholomebury",
      "zipcode": "76495-3109",
      "geo": {
        "lat": "24.6463",
        "lng": "-168.8889"
      }
    },
    "phone": "(775)976-6794 x41206",
    "website": "conrad.com",
    "company": {
      "name": "Yost and Sons",
      "catchPhrase": "Switchable contextually-based project",
      "bs": "aggregate real-time technologies"
    }
  },
  {
    "id": 10,
    "name": "Clementina DuBuque",
    "username": "Moriah.Stanton",
    "email": "Rey.Padberg@karina.biz",
    "address": {
      "street": "Kattie Turnpike",
      "suite": "Suite 198",
      "city": "Lebsackbury",
      "zipcode": "31428-2261",
      "geo": {
        "lat": "-38.2386",
        "lng": "57.2232"
      }
    },
    "phone": "024-648-3804",
    "website": "ambrose.net",
    "company": {
      "name": "Hoeger LLC",
      "catchPhrase": "Centralized empowering task-force",
      "bs": "target end-to-end models"
    }
  }
]

12:43:21.680 [main] DEBUG com.intuit.karate - request:
2 > GET https://jsonplaceholder.typicode.com/users/1
2 > Accept-Encoding: gzip,deflate
2 > Connection: Keep-Alive
2 > Cookie: __cfduid=d2e1e6d15f486cd5ca6dcc49bb744f03b1611299601
2 > Host: jsonplaceholder.typicode.com
2 > User-Agent: Apache-HttpClient/4.5.12 (Java/11.0.9.1)

12:43:22.586 [main] DEBUG com.intuit.karate - response time in milliseconds: 896.22
2 < 200
2 < Access-Control-Allow-Credentials: true
2 < Age: 24746
2 < CF-Cache-Status: HIT
2 < CF-RAY: 615778d3c8fc074e-LHR
2 < Cache-Control: max-age=43200
2 < Connection: keep-alive
2 < Content-Type: application/json; charset=utf-8
2 < Date: Fri, 22 Jan 2021 07:13:22 GMT
2 < Etag: W/"1fd-+2Y3G3w049iSZtw5t1mzSnunngE"
2 < Expect-CT: max-age=604800, report-uri="https://report-uri.cloudflare.com/cdn-cgi/beacon/expect-ct"
2 < Expires: -1
2 < NEL: {"max_age":604800,"report_to":"cf-nel"}
2 < Pragma: no-cache
2 < Report-To: {"endpoints":[{"url":"https:\/\/a.nel.cloudflare.com\/report?s=03%2BXQn1ipbhOsAHH0p35rnRGWcfr%2BtB4BeliTe%2FXIR6xGDZZ3bGVOi7UPEV%2BmVctv%2FuFc%2FnDTyPaJ1mKcx5w4YIasU4fbAFLRSsLfdl3fjCweb83xrC6NSwHK9ZA"}],"max_age":604800,"group":"cf-nel"}
2 < Server: cloudflare
2 < Transfer-Encoding: chunked
2 < Vary: Origin, Accept-Encoding
2 < Via: 1.1 vegur
2 < X-Content-Type-Options: nosniff
2 < X-Powered-By: Express
2 < X-Ratelimit-Limit: 1000
2 < X-Ratelimit-Remaining: 999
2 < X-Ratelimit-Reset: 1608313337
2 < cf-request-id: 07ca89d8600000074ef4360000000001
{
  "id": 1,
  "name": "Leanne Graham",
  "username": "Bret",
  "email": "Sincere@april.biz",
  "address": {
    "street": "Kulas Light",
    "suite": "Apt. 556",
    "city": "Gwenborough",
    "zipcode": "92998-3874",
    "geo": {
      "lat": "-37.3159",
      "lng": "81.1496"
    }
  },
  "phone": "1-770-736-8031 x56442",
  "website": "hildegard.org",
  "company": {
    "name": "Romaguera-Crona",
    "catchPhrase": "Multi-layered client-server neural-net",
    "bs": "harness real-time e-markets"
  }
}

12:43:22.785 [main] INFO  com.intuit.karate - karate.env system property was:  
12:43:22.877 [main] DEBUG com.intuit.karate - request:
1 > POST https://jsonplaceholder.typicode.com/users
1 > Accept-Encoding: gzip,deflate
1 > Connection: Keep-Alive
1 > Content-Length: 160
1 > Content-Type: application/json; charset=UTF-8
1 > Host: jsonplaceholder.typicode.com
1 > User-Agent: Apache-HttpClient/4.5.12 (Java/11.0.9.1)
{"name":"Test User","username":"testuser","email":"test@user.com","address":{"street":"Has No Name","suite":"Apt. 123","city":"Electri","zipcode":"54321-6789"}}

12:43:24.285 [main] DEBUG com.intuit.karate - response time in milliseconds: 1403.06
1 < 201
1 < Access-Control-Allow-Credentials: true
1 < Access-Control-Expose-Headers: Location
1 < CF-Cache-Status: DYNAMIC
1 < CF-RAY: 615778dc89ab40e4-LHR
1 < Cache-Control: no-cache
1 < Connection: keep-alive
1 < Content-Length: 216
1 < Content-Type: application/json; charset=utf-8
1 < Date: Fri, 22 Jan 2021 07:13:24 GMT
1 < Etag: W/"d8-pYV7+YuMGP2hxHPU9ARrf97ifDA"
1 < Expect-CT: max-age=604800, report-uri="https://report-uri.cloudflare.com/cdn-cgi/beacon/expect-ct"
1 < Expires: -1
1 < Location: http://jsonplaceholder.typicode.com/users/11
1 < NEL: {"report_to":"cf-nel","max_age":604800}
1 < Pragma: no-cache
1 < Report-To: {"max_age":604800,"endpoints":[{"url":"https:\/\/a.nel.cloudflare.com\/report?s=h8kHs8hfo3q8hOgNB1G80Sj0DuHDLlUXs0uCKJLIrQIiMTr4QWgea5e%2FAPbP827ZywHjC4%2B2Vig0B%2FUC0zozOiiDjJawtCeR8QKYgXvGz1md5deVriTFGeAqtFq9"}],"group":"cf-nel"}
1 < Server: cloudflare
1 < Set-Cookie: __cfduid=daba7fabdebbe3adcc04a137f61967db41611299603; expires=Sun, 21-Feb-21 07:13:23 GMT; path=/; domain=.typicode.com; HttpOnly; SameSite=Lax
1 < Vary: Origin, X-HTTP-Method-Override, Accept-Encoding
1 < Via: 1.1 vegur
1 < X-Content-Type-Options: nosniff
1 < X-Powered-By: Express
1 < X-Ratelimit-Limit: 1000
1 < X-Ratelimit-Remaining: 999
1 < X-Ratelimit-Reset: 1611299606
1 < cf-request-id: 07ca89ddd3000040e456092000000001
{
  "name": "Test User",
  "username": "testuser",
  "email": "test@user.com",
  "address": {
    "street": "Has No Name",
    "suite": "Apt. 123",
    "city": "Electri",
    "zipcode": "54321-6789"
  },
  "id": 11
}

12:43:24.329 [main] INFO  com.intuit.karate - [print] created id is:  11
